mode: set
book-api-mvc/controllers/book/book_controller.go:12.49,14.16 2 1
book-api-mvc/controllers/book/book_controller.go:17.2,17.61 1 1
book-api-mvc/controllers/book/book_controller.go:14.16,16.3 1 0
book-api-mvc/controllers/book/book_controller.go:20.46,22.16 2 1
book-api-mvc/controllers/book/book_controller.go:26.2,27.16 2 1
book-api-mvc/controllers/book/book_controller.go:31.2,31.60 1 1
book-api-mvc/controllers/book/book_controller.go:22.16,25.3 1 1
book-api-mvc/controllers/book/book_controller.go:27.16,30.3 1 1
book-api-mvc/controllers/book/book_controller.go:34.49,37.16 3 1
book-api-mvc/controllers/book/book_controller.go:40.2,40.79 1 1
book-api-mvc/controllers/book/book_controller.go:43.2,44.16 2 1
book-api-mvc/controllers/book/book_controller.go:47.2,47.60 1 1
book-api-mvc/controllers/book/book_controller.go:37.16,39.3 1 0
book-api-mvc/controllers/book/book_controller.go:40.79,42.3 1 1
book-api-mvc/controllers/book/book_controller.go:44.16,46.3 1 0
book-api-mvc/controllers/book/book_controller.go:50.49,52.16 2 1
book-api-mvc/controllers/book/book_controller.go:56.2,57.16 2 1
book-api-mvc/controllers/book/book_controller.go:66.2,66.101 1 1
book-api-mvc/controllers/book/book_controller.go:52.16,55.3 1 1
book-api-mvc/controllers/book/book_controller.go:57.16,60.3 1 1
book-api-mvc/controllers/book/book_controller.go:60.8,62.17 2 1
book-api-mvc/controllers/book/book_controller.go:62.17,64.4 1 0
book-api-mvc/controllers/book/book_controller.go:69.49,71.16 2 1
book-api-mvc/controllers/book/book_controller.go:76.2,77.16 2 1
book-api-mvc/controllers/book/book_controller.go:82.2,86.16 4 1
book-api-mvc/controllers/book/book_controller.go:90.2,90.62 1 1
book-api-mvc/controllers/book/book_controller.go:71.16,74.3 1 1
book-api-mvc/controllers/book/book_controller.go:77.16,80.3 1 1
book-api-mvc/controllers/book/book_controller.go:86.16,88.3 1 0
book-api-mvc/controllers/user/user_controller.go:12.49,15.16 3 1
book-api-mvc/controllers/user/user_controller.go:19.2,20.16 2 1
book-api-mvc/controllers/user/user_controller.go:25.2,25.61 1 1
book-api-mvc/controllers/user/user_controller.go:15.16,17.3 1 0
book-api-mvc/controllers/user/user_controller.go:20.16,23.3 1 1
book-api-mvc/controllers/user/user_controller.go:28.49,30.16 2 1
book-api-mvc/controllers/user/user_controller.go:34.2,34.61 1 1
book-api-mvc/controllers/user/user_controller.go:30.16,33.3 1 0
book-api-mvc/controllers/user/user_controller.go:37.46,40.16 2 1
book-api-mvc/controllers/user/user_controller.go:45.2,46.16 2 1
book-api-mvc/controllers/user/user_controller.go:51.2,51.60 1 1
book-api-mvc/controllers/user/user_controller.go:40.16,43.3 1 1
book-api-mvc/controllers/user/user_controller.go:46.16,49.3 1 1
book-api-mvc/controllers/user/user_controller.go:54.49,57.16 3 1
book-api-mvc/controllers/user/user_controller.go:61.2,61.76 1 1
book-api-mvc/controllers/user/user_controller.go:65.2,66.16 2 1
book-api-mvc/controllers/user/user_controller.go:71.2,71.60 1 1
book-api-mvc/controllers/user/user_controller.go:57.16,59.3 1 0
book-api-mvc/controllers/user/user_controller.go:61.76,63.3 1 1
book-api-mvc/controllers/user/user_controller.go:66.16,69.3 1 0
book-api-mvc/controllers/user/user_controller.go:74.49,76.16 2 1
book-api-mvc/controllers/user/user_controller.go:80.2,82.16 2 1
book-api-mvc/controllers/user/user_controller.go:92.2,92.101 1 1
book-api-mvc/controllers/user/user_controller.go:76.16,79.3 1 1
book-api-mvc/controllers/user/user_controller.go:82.16,85.3 1 1
book-api-mvc/controllers/user/user_controller.go:85.8,87.17 2 1
book-api-mvc/controllers/user/user_controller.go:87.17,89.4 1 0
book-api-mvc/controllers/user/user_controller.go:95.49,97.16 2 1
book-api-mvc/controllers/user/user_controller.go:102.2,103.16 2 1
book-api-mvc/controllers/user/user_controller.go:108.2,112.16 4 1
book-api-mvc/controllers/user/user_controller.go:116.2,116.62 1 1
book-api-mvc/controllers/user/user_controller.go:97.16,100.3 1 1
book-api-mvc/controllers/user/user_controller.go:103.16,106.3 1 1
book-api-mvc/controllers/user/user_controller.go:112.16,114.3 1 0
