mode: set
book-api-mvc/controllers/book/book_controller.go:12.49,14.16 2 1
book-api-mvc/controllers/book/book_controller.go:18.2,18.61 1 1
book-api-mvc/controllers/book/book_controller.go:14.16,17.3 1 1
book-api-mvc/controllers/book/book_controller.go:21.46,23.16 2 1
book-api-mvc/controllers/book/book_controller.go:27.2,28.16 2 1
book-api-mvc/controllers/book/book_controller.go:32.2,32.60 1 1
book-api-mvc/controllers/book/book_controller.go:23.16,26.3 1 1
book-api-mvc/controllers/book/book_controller.go:28.16,31.3 1 1
book-api-mvc/controllers/book/book_controller.go:35.49,39.79 3 1
book-api-mvc/controllers/book/book_controller.go:42.2,43.16 2 1
book-api-mvc/controllers/book/book_controller.go:46.2,46.60 1 1
book-api-mvc/controllers/book/book_controller.go:39.79,41.3 1 1
book-api-mvc/controllers/book/book_controller.go:43.16,45.3 1 0
book-api-mvc/controllers/book/book_controller.go:49.49,51.16 2 1
book-api-mvc/controllers/book/book_controller.go:55.2,56.16 2 1
book-api-mvc/controllers/book/book_controller.go:66.2,66.101 1 1
book-api-mvc/controllers/book/book_controller.go:51.16,54.3 1 1
book-api-mvc/controllers/book/book_controller.go:56.16,59.3 1 1
book-api-mvc/controllers/book/book_controller.go:59.8,61.17 2 1
book-api-mvc/controllers/book/book_controller.go:61.17,64.4 1 0
book-api-mvc/controllers/book/book_controller.go:69.49,71.16 2 1
book-api-mvc/controllers/book/book_controller.go:76.2,77.16 2 1
book-api-mvc/controllers/book/book_controller.go:82.2,86.16 4 1
book-api-mvc/controllers/book/book_controller.go:90.2,90.62 1 1
book-api-mvc/controllers/book/book_controller.go:71.16,74.3 1 1
book-api-mvc/controllers/book/book_controller.go:77.16,80.3 1 1
book-api-mvc/controllers/book/book_controller.go:86.16,88.3 1 0
book-api-mvc/controllers/user/user_controller.go:12.49,17.16 4 1
book-api-mvc/controllers/user/user_controller.go:22.2,22.61 1 1
book-api-mvc/controllers/user/user_controller.go:17.16,20.3 1 1
book-api-mvc/controllers/user/user_controller.go:25.49,27.16 2 1
book-api-mvc/controllers/user/user_controller.go:31.2,31.61 1 1
book-api-mvc/controllers/user/user_controller.go:27.16,30.3 1 1
book-api-mvc/controllers/user/user_controller.go:34.46,37.16 2 1
book-api-mvc/controllers/user/user_controller.go:42.2,43.16 2 1
book-api-mvc/controllers/user/user_controller.go:48.2,48.60 1 1
book-api-mvc/controllers/user/user_controller.go:37.16,40.3 1 1
book-api-mvc/controllers/user/user_controller.go:43.16,46.3 1 1
book-api-mvc/controllers/user/user_controller.go:51.49,55.76 3 1
book-api-mvc/controllers/user/user_controller.go:59.2,60.16 2 1
book-api-mvc/controllers/user/user_controller.go:65.2,65.60 1 1
book-api-mvc/controllers/user/user_controller.go:55.76,57.3 1 1
book-api-mvc/controllers/user/user_controller.go:60.16,63.3 1 0
book-api-mvc/controllers/user/user_controller.go:68.49,70.16 2 1
book-api-mvc/controllers/user/user_controller.go:74.2,76.16 2 1
book-api-mvc/controllers/user/user_controller.go:86.2,86.101 1 1
book-api-mvc/controllers/user/user_controller.go:70.16,73.3 1 1
book-api-mvc/controllers/user/user_controller.go:76.16,79.3 1 1
book-api-mvc/controllers/user/user_controller.go:79.8,81.17 2 1
book-api-mvc/controllers/user/user_controller.go:81.17,84.4 1 0
book-api-mvc/controllers/user/user_controller.go:89.49,91.16 2 1
book-api-mvc/controllers/user/user_controller.go:96.2,97.16 2 1
book-api-mvc/controllers/user/user_controller.go:102.2,106.16 4 1
book-api-mvc/controllers/user/user_controller.go:110.2,110.62 1 1
book-api-mvc/controllers/user/user_controller.go:91.16,94.3 1 1
book-api-mvc/controllers/user/user_controller.go:97.16,100.3 1 1
book-api-mvc/controllers/user/user_controller.go:106.16,108.3 1 0
